<?xml version="1.0" encoding="UTF-8"?>
<!-- Generated by org.testng.reporters.JUnitReportReporter -->
<testsuite hostname="LAPTOP-RTGV64HI" failures="0" tests="1" name="Test_cases.loginspectransys" time="29.451" errors="0" timestamp="2023-10-30T15:16:48 IST" skipped="0">
  <testcase classname="Test_cases.loginspectransys" name="login" time="29.451"/>
</testsuite> <!-- Test_cases.loginspectransys -->
